c:\users\stephen\source\repos\pg2-2406-stephenbergman\labs\week1\lab1\x64\debug\heroesv1.bsc
c:\users\stephen\source\repos\pg2-2406-stephenbergman\labs\week1\lab1\heroesv1\x64\debug\vc143.pdb
c:\users\stephen\source\repos\pg2-2406-stephenbergman\labs\week1\lab1\heroesv1\x64\debug\vc143.idb
c:\users\stephen\source\repos\pg2-2406-stephenbergman\labs\week1\lab1\heroesv1\x64\debug\console.sbr
c:\users\stephen\source\repos\pg2-2406-stephenbergman\labs\week1\lab1\heroesv1\x64\debug\jsonbase.sbr
c:\users\stephen\source\repos\pg2-2406-stephenbergman\labs\week1\lab1\heroesv1\x64\debug\input.sbr
c:\users\stephen\source\repos\pg2-2406-stephenbergman\labs\week1\lab1\heroesv1\x64\debug\hero.sbr
c:\users\stephen\source\repos\pg2-2406-stephenbergman\labs\week1\lab1\heroesv1\x64\debug\heroesdb.sbr
c:\users\stephen\source\repos\pg2-2406-stephenbergman\labs\week1\lab1\heroesv1\x64\debug\heroesv1.sbr
c:\users\stephen\source\repos\pg2-2406-stephenbergman\labs\week1\lab1\heroesv1\x64\debug\jsonnodeprinter.sbr
c:\users\stephen\source\repos\pg2-2406-stephenbergman\labs\week1\lab1\heroesv1\x64\debug\tester.sbr
c:\users\stephen\source\repos\pg2-2406-stephenbergman\labs\week1\lab1\heroesv1\x64\debug\tester.obj
c:\users\stephen\source\repos\pg2-2406-stephenbergman\labs\week1\lab1\heroesv1\x64\debug\jsonnodeprinter.obj
c:\users\stephen\source\repos\pg2-2406-stephenbergman\labs\week1\lab1\heroesv1\x64\debug\heroesv1.obj
c:\users\stephen\source\repos\pg2-2406-stephenbergman\labs\week1\lab1\heroesv1\x64\debug\heroesdb.obj
c:\users\stephen\source\repos\pg2-2406-stephenbergman\labs\week1\lab1\heroesv1\x64\debug\hero.obj
c:\users\stephen\source\repos\pg2-2406-stephenbergman\labs\week1\lab1\heroesv1\x64\debug\input.obj
c:\users\stephen\source\repos\pg2-2406-stephenbergman\labs\week1\lab1\heroesv1\x64\debug\jsonbase.obj
c:\users\stephen\source\repos\pg2-2406-stephenbergman\labs\week1\lab1\heroesv1\x64\debug\console.obj
c:\users\stephen\source\repos\pg2-2406-stephenbergman\labs\week1\lab1\x64\debug\heroes.json
c:\users\stephen\source\repos\pg2-2406-stephenbergman\labs\week1\lab1\x64\debug\heroesv1.exe
c:\users\stephen\source\repos\pg2-2406-stephenbergman\labs\week1\lab1\x64\debug\heroesv1.pdb
c:\users\stephen\source\repos\pg2-2406-stephenbergman\labs\week1\lab1\heroesv1\x64\debug\heroesv1.ilk
c:\users\stephen\source\repos\pg2-2406-stephenbergman\labs\week1\lab1\heroesv1\x64\debug\heroesv1.tlog\bscmake.command.1.tlog
c:\users\stephen\source\repos\pg2-2406-stephenbergman\labs\week1\lab1\heroesv1\x64\debug\heroesv1.tlog\bscmake.read.1.tlog
c:\users\stephen\source\repos\pg2-2406-stephenbergman\labs\week1\lab1\heroesv1\x64\debug\heroesv1.tlog\bscmake.write.1.tlog
c:\users\stephen\source\repos\pg2-2406-stephenbergman\labs\week1\lab1\heroesv1\x64\debug\heroesv1.tlog\cl.command.1.tlog
c:\users\stephen\source\repos\pg2-2406-stephenbergman\labs\week1\lab1\heroesv1\x64\debug\heroesv1.tlog\cl.items.tlog
c:\users\stephen\source\repos\pg2-2406-stephenbergman\labs\week1\lab1\heroesv1\x64\debug\heroesv1.tlog\cl.read.1.tlog
c:\users\stephen\source\repos\pg2-2406-stephenbergman\labs\week1\lab1\heroesv1\x64\debug\heroesv1.tlog\cl.write.1.tlog
c:\users\stephen\source\repos\pg2-2406-stephenbergman\labs\week1\lab1\heroesv1\x64\debug\heroesv1.tlog\copyfile.command.1.tlog
c:\users\stephen\source\repos\pg2-2406-stephenbergman\labs\week1\lab1\heroesv1\x64\debug\heroesv1.tlog\copyfile.read.1.tlog
c:\users\stephen\source\repos\pg2-2406-stephenbergman\labs\week1\lab1\heroesv1\x64\debug\heroesv1.tlog\copyfile.write.1.tlog
c:\users\stephen\source\repos\pg2-2406-stephenbergman\labs\week1\lab1\heroesv1\x64\debug\heroesv1.tlog\link.command.1.tlog
c:\users\stephen\source\repos\pg2-2406-stephenbergman\labs\week1\lab1\heroesv1\x64\debug\heroesv1.tlog\link.read.1.tlog
c:\users\stephen\source\repos\pg2-2406-stephenbergman\labs\week1\lab1\heroesv1\x64\debug\heroesv1.tlog\link.secondary.1.tlog
c:\users\stephen\source\repos\pg2-2406-stephenbergman\labs\week1\lab1\heroesv1\x64\debug\heroesv1.tlog\link.write.1.tlog
