c:\users\stephen\source\repos\lab2pointers\lab2pointers\x64\debug\vc143.pdb
c:\users\stephen\source\repos\lab2pointers\lab2pointers\x64\debug\vc143.idb
c:\users\stephen\source\repos\lab2pointers\lab2pointers\x64\debug\main.obj
c:\users\stephen\source\repos\lab2pointers\lab2pointers\x64\debug\car.obj
c:\users\stephen\source\repos\lab2pointers\lab2pointers\x64\debug\lab2pointers.ilk
c:\users\stephen\source\repos\lab2pointers\x64\debug\lab2pointers.pdb
c:\users\stephen\source\repos\lab2pointers\lab2pointers\x64\debug\lab2pointers.tlog\cl.command.1.tlog
c:\users\stephen\source\repos\lab2pointers\lab2pointers\x64\debug\lab2pointers.tlog\cl.items.tlog
c:\users\stephen\source\repos\lab2pointers\lab2pointers\x64\debug\lab2pointers.tlog\cl.read.1.tlog
c:\users\stephen\source\repos\lab2pointers\lab2pointers\x64\debug\lab2pointers.tlog\cl.write.1.tlog
c:\users\stephen\source\repos\lab2pointers\lab2pointers\x64\debug\lab2pointers.tlog\link.29516-cvtres.read.1.tlog
c:\users\stephen\source\repos\lab2pointers\lab2pointers\x64\debug\lab2pointers.tlog\link.29516-cvtres.write.1.tlog
c:\users\stephen\source\repos\lab2pointers\lab2pointers\x64\debug\lab2pointers.tlog\link.29516-rc.read.1.tlog
c:\users\stephen\source\repos\lab2pointers\lab2pointers\x64\debug\lab2pointers.tlog\link.29516-rc.write.1.tlog
c:\users\stephen\source\repos\lab2pointers\lab2pointers\x64\debug\lab2pointers.tlog\link.29516.read.1.tlog
c:\users\stephen\source\repos\lab2pointers\lab2pointers\x64\debug\lab2pointers.tlog\link.29516.read.2.tlog
c:\users\stephen\source\repos\lab2pointers\lab2pointers\x64\debug\lab2pointers.tlog\link.29516.read.3.tlog
c:\users\stephen\source\repos\lab2pointers\lab2pointers\x64\debug\lab2pointers.tlog\link.29516.read.4.tlog
c:\users\stephen\source\repos\lab2pointers\lab2pointers\x64\debug\lab2pointers.tlog\link.29516.read.5.tlog
c:\users\stephen\source\repos\lab2pointers\lab2pointers\x64\debug\lab2pointers.tlog\link.29516.write.1.tlog
c:\users\stephen\source\repos\lab2pointers\lab2pointers\x64\debug\lab2pointers.tlog\link.command.1.tlog
c:\users\stephen\source\repos\lab2pointers\lab2pointers\x64\debug\lab2pointers.tlog\link.read.1.tlog
c:\users\stephen\source\repos\lab2pointers\lab2pointers\x64\debug\lab2pointers.tlog\link.secondary.1.tlog
c:\users\stephen\source\repos\lab2pointers\lab2pointers\x64\debug\lab2pointers.tlog\link.write.1.tlog
