c:\users\stephen\source\repos\pg2-2406-stephenbergman\labs\week4\lab4\cardwars\x64\debug\vc143.pdb
c:\users\stephen\source\repos\pg2-2406-stephenbergman\labs\week4\lab4\cardwars\x64\debug\vc143.idb
c:\users\stephen\source\repos\pg2-2406-stephenbergman\labs\week4\lab4\cardwars\x64\debug\wargame.obj
c:\users\stephen\source\repos\pg2-2406-stephenbergman\labs\week4\lab4\cardwars\x64\debug\tester.obj
c:\users\stephen\source\repos\pg2-2406-stephenbergman\labs\week4\lab4\cardwars\x64\debug\player.obj
c:\users\stephen\source\repos\pg2-2406-stephenbergman\labs\week4\lab4\cardwars\x64\debug\highscore.obj
c:\users\stephen\source\repos\pg2-2406-stephenbergman\labs\week4\lab4\cardwars\x64\debug\cardwars.obj
c:\users\stephen\source\repos\pg2-2406-stephenbergman\labs\week4\lab4\cardwars\x64\debug\card.obj
c:\users\stephen\source\repos\pg2-2406-stephenbergman\labs\week4\lab4\cardwars\x64\debug\input.obj
c:\users\stephen\source\repos\pg2-2406-stephenbergman\labs\week4\lab4\cardwars\x64\debug\console.obj
c:\users\stephen\source\repos\pg2-2406-stephenbergman\labs\week4\lab4\x64\debug\cards.csv
c:\users\stephen\source\repos\pg2-2406-stephenbergman\labs\week4\lab4\x64\debug\highscores.csv
c:\users\stephen\source\repos\pg2-2406-stephenbergman\labs\week4\lab4\x64\debug\cardwars.exe
c:\users\stephen\source\repos\pg2-2406-stephenbergman\labs\week4\lab4\x64\debug\cardwars.pdb
c:\users\stephen\source\repos\pg2-2406-stephenbergman\labs\week4\lab4\cardwars\x64\debug\cardwars.ilk
c:\users\stephen\source\repos\pg2-2406-stephenbergman\labs\week4\lab4\cardwars\x64\debug\cardwars.tlog\cl.command.1.tlog
c:\users\stephen\source\repos\pg2-2406-stephenbergman\labs\week4\lab4\cardwars\x64\debug\cardwars.tlog\cl.items.tlog
c:\users\stephen\source\repos\pg2-2406-stephenbergman\labs\week4\lab4\cardwars\x64\debug\cardwars.tlog\cl.read.1.tlog
c:\users\stephen\source\repos\pg2-2406-stephenbergman\labs\week4\lab4\cardwars\x64\debug\cardwars.tlog\cl.write.1.tlog
c:\users\stephen\source\repos\pg2-2406-stephenbergman\labs\week4\lab4\cardwars\x64\debug\cardwars.tlog\copyfile.command.1.tlog
c:\users\stephen\source\repos\pg2-2406-stephenbergman\labs\week4\lab4\cardwars\x64\debug\cardwars.tlog\copyfile.read.1.tlog
c:\users\stephen\source\repos\pg2-2406-stephenbergman\labs\week4\lab4\cardwars\x64\debug\cardwars.tlog\copyfile.write.1.tlog
c:\users\stephen\source\repos\pg2-2406-stephenbergman\labs\week4\lab4\cardwars\x64\debug\cardwars.tlog\link.command.1.tlog
c:\users\stephen\source\repos\pg2-2406-stephenbergman\labs\week4\lab4\cardwars\x64\debug\cardwars.tlog\link.read.1.tlog
c:\users\stephen\source\repos\pg2-2406-stephenbergman\labs\week4\lab4\cardwars\x64\debug\cardwars.tlog\link.secondary.1.tlog
c:\users\stephen\source\repos\pg2-2406-stephenbergman\labs\week4\lab4\cardwars\x64\debug\cardwars.tlog\link.write.1.tlog
